<?xml version="1.0" encoding="utf-8"?><testsuites name="pytest tests"><testsuite name="pytest" errors="0" failures="0" skipped="0" tests="11" time="3.271" timestamp="2026-09-08T02:26:49.701695+00:00" hostname="agent-env-6a9eb7f6-da64-4eff-873c-e62e80d6e823"><testcase classname="tests.test_iteration3_features.TestRegionStats" name="test_by_provinsi_sorted_desc" time="1.117" /><testcase classname="tests.test_iteration3_features.TestRegionStats" name="test_by_kota" time="0.124" /><testcase classname="tests.test_iteration3_features.TestNoteLabelsPersistence" name="test_get_returns_note_and_labels" time="0.135" /><testcase classname="tests.test_iteration3_features.TestLabelFilter" name="test_filter_by_label_vip" time="0.126" /><testcase classname="tests.test_iteration3_features.TestLabelFilter" name="test_filters_endpoint_returns_labels_list" time="0.142" /><testcase classname="tests.test_iteration3_features.TestExportColumns" name="test_csv_includes_label_and_catatan" time="0.445" /><testcase classname="tests.test_iteration3_features.TestExportColumns" name="test_csv_respects_label_filter" time="0.125" /><testcase classname="tests.test_iteration3_features.TestExportColumns" name="test_xlsx_still_works" time="0.232" /><testcase classname="tests.test_iteration3_features.TestExtractCap" name="test_reject_61_images" time="0.143" /><testcase classname="tests.test_iteration3_features.TestExtractCap" name="test_empty_rejected" time="0.113" /><testcase classname="tests.test_iteration3_features.TestExtractCap" name="test_small_batch_returns_per_image" time="0.492" /></testsuite></testsuites>