<?xml version="1.0" encoding="utf-8"?><testsuites name="pytest tests"><testsuite name="pytest" errors="0" failures="0" skipped="0" tests="15" time="6.634" timestamp="2026-09-08T02:05:47.516639+00:00" hostname="agent-env-6a9eb7f6-da64-4eff-873c-e62e80d6e823"><testcase classname="tests.backend_test.TestAuth" name="test_login_owner" time="0.550" /><testcase classname="tests.backend_test.TestAuth" name="test_login_bad" time="0.506" /><testcase classname="tests.backend_test.TestExtract" name="test_extract_returns_fields" time="5.767" /><testcase classname="tests.backend_test.TestAuth" name="test_me" time="0.175" /><testcase classname="tests.backend_test.TestAuth" name="test_me_unauth" time="0.155" /><testcase classname="tests.backend_test.TestCustomersList" name="test_list_and_filters" time="0.236" /><testcase classname="tests.backend_test.TestCustomersList" name="test_filters_endpoint" time="0.127" /><testcase classname="tests.backend_test.TestCustomersList" name="test_stats" time="0.121" /><testcase classname="tests.backend_test.TestCustomerSave" name="test_save_new_and_dedupe" time="0.386" /><testcase classname="tests.backend_test.TestCustomerSave" name="test_save_skips_no_phone" time="0.132" /><testcase classname="tests.backend_test.TestOperators" name="test_list_owner" time="0.232" /><testcase classname="tests.backend_test.TestOperators" name="test_create_and_login_and_toggle" time="1.553" /><testcase classname="tests.backend_test.TestPhoneNormalization" name="test_via_save_normalizes_phone" time="0.286" /><testcase classname="tests.backend_test.TestExtract" name="test_extract_no_images" time="0.136" /><testcase classname="tests.backend_test.TestExtract" name="test_extract_unauth" time="0.199" /></testsuite></testsuites>