<?xml version="1.0" encoding="utf-8"?><testsuites name="pytest tests"><testsuite name="pytest" errors="0" failures="0" skipped="0" tests="13" time="3.923" timestamp="2026-09-08T02:14:14.689267+00:00" hostname="agent-env-6a9eb7f6-da64-4eff-873c-e62e80d6e823"><testcase classname="tests.test_database_features.TestExport" name="test_export_csv" time="0.488" /><testcase classname="tests.test_database_features.TestExport" name="test_export_xlsx" time="0.139" /><testcase classname="tests.test_database_features.TestExport" name="test_export_respects_search" time="0.561" /><testcase classname="tests.test_database_features.TestExport" name="test_export_unauth" time="0.120" /><testcase classname="tests.test_database_features.TestOrderHistory" name="test_get_orders" time="0.136" /><testcase classname="tests.test_database_features.TestOrderHistory" name="test_get_orders_not_found" time="0.141" /><testcase classname="tests.test_database_features.TestEditCustomer" name="test_update_success" time="0.232" /><testcase classname="tests.test_database_features.TestEditCustomer" name="test_update_empty_phone" time="0.143" /><testcase classname="tests.test_database_features.TestEditCustomer" name="test_update_duplicate_phone" time="0.278" /><testcase classname="tests.test_database_features.TestEditCustomer" name="test_update_not_found" time="0.151" /><testcase classname="tests.test_database_features.TestDeleteCustomer" name="test_delete_removes_customer_and_orders" time="0.790" /><testcase classname="tests.test_database_features.TestDeleteCustomer" name="test_delete_not_found" time="0.116" /><testcase classname="tests.test_database_features.TestRegression" name="test_dedupe_still_works" time="0.571" /></testsuite></testsuites>